<?xml version="1.0" encoding="UTF-8"?>
<!-- Generated by org.testng.reporters.JUnitXMLReporter -->
<testsuite hostname="netstorm-TECRA-C50-C" ignored="0" name="Default test" tests="7" failures="0" timestamp="26 Feb 2018 16:13:58 GMT" time="142.363" errors="0">
  <testcase name="validateCalenderpageTest" time="1.088" classname="com.crm.qa.testcases.CalenderPageTest"/>
  <testcase name="validateNewEventPageTest" time="1.754" classname="com.crm.qa.testcases.CalenderPageTest"/>
  <testcase name="createNewEventTest" time="2.046" classname="com.crm.qa.testcases.CalenderPageTest"/>
  <testcase name="createNewEventTest" time="1.861" classname="com.crm.qa.testcases.CalenderPageTest"/>
  <testcase name="createNewEventTest" time="2.061" classname="com.crm.qa.testcases.CalenderPageTest"/>
  <testcase name="createNewEventTest" time="2.127" classname="com.crm.qa.testcases.CalenderPageTest"/>
  <testcase name="createNewEventTest" time="1.941" classname="com.crm.qa.testcases.CalenderPageTest"/>
</testsuite> <!-- Default test -->
