<?xml version="1.0" encoding="UTF-8"?>
<!-- Generated by org.testng.reporters.JUnitXMLReporter -->
<testsuite hostname="netstorm-TECRA-C50-C" ignored="0" name="Command line test" tests="6" failures="0" timestamp="13 Feb 2018 06:34:55 GMT" time="106.009" errors="0">
  <testcase name="validateContactPageTest" time="1.1" classname="com.crm.qa.testcases.ContactPageTest"/>
  <testcase name="crmLoginPageTitleTest" time="0.008" classname="com.crm.qa.testcases.LoginPageTest"/>
  <testcase name="validateHomePageTest" time="0.184" classname="com.crm.qa.testcases.HomePageTest"/>
  <testcase name="crmLoginPageLogoTest" time="0.048" classname="com.crm.qa.testcases.LoginPageTest"/>
  <testcase name="clickonContactPageTest" time="0.185" classname="com.crm.qa.testcases.HomePageTest"/>
  <testcase name="crmValideUserLoginTest" time="7.992" classname="com.crm.qa.testcases.LoginPageTest"/>
</testsuite> <!-- Command line test -->
