<?xml version="1.0" encoding="UTF-8"?>
<!-- Generated by org.testng.reporters.JUnitXMLReporter -->
<testsuite hostname="netstorm-TECRA-C50-C" ignored="0" name="Smoke CRM Test" tests="5" failures="0" timestamp="26 Feb 2018 18:43:11 GMT" time="67.63" errors="0">
  <testcase name="crmLoginPageTitleTest" time="0.032" classname="com.crm.qa.testcases.LoginPageTest"/>
  <testcase name="validateHomePageTest" time="0.094" classname="com.crm.qa.testcases.HomePageTest"/>
  <testcase name="validateCalenderpageTest" time="1.063" classname="com.crm.qa.testcases.CalenderPageTest"/>
  <testcase name="validateContactPageTest" time="1.043" classname="com.crm.qa.testcases.ContactPageTest"/>
  <testcase name="crmLoginPageLogoTest" time="0.051" classname="com.crm.qa.testcases.LoginPageTest"/>
</testsuite> <!-- Smoke CRM Test -->
