<?xml version="1.0" encoding="UTF-8" ?>
<testsuite tests="6" failures="0" name="TestSuite" time="9.522" errors="0" skipped="0">
  <properties>
[...]
</properties>
  <testcase classname="com.crm.qa.testcases.ContactPageTest" name="validateContactPageTest" time="1.106"/>
  <testcase classname="com.crm.qa.testcases.LoginPageTest" name="crmLoginPageTitleTest" time="0.008"/>
  <testcase classname="com.crm.qa.testcases.HomePageTest" name="validateHomePageTest" time="0.184"/>
  <testcase classname="com.crm.qa.testcases.LoginPageTest" name="crmLoginPageLogoTest" time="0.048"/>
  <testcase classname="com.crm.qa.testcases.HomePageTest" name="clickonContactPageTest" time="0.185"/>
  <testcase classname="com.crm.qa.testcases.LoginPageTest" name="crmValideUserLoginTest" time="7.991"/>
</testsuite>