<?xml version="1.0" encoding="UTF-8"?>
<testsuite name="TestSuite" time="0.439" tests="34" errors="0" skipped="30" failures="4">
  <properties>
[...]
</properties>
  <testcase name="setUp" classname="com.crm.qa.testcases.ContactPageTest" time="0.408">
    <failure message="org/openqa/selenium/remote/RemoteWebDriver" type="java.lang.NoClassDefFoundError">java.lang.NoClassDefFoundError: org/openqa/selenium/remote/RemoteWebDriver
	at java.net.URLClassLoader.findClass(URLClassLoader.java:381)
	at java.lang.ClassLoader.loadClass(ClassLoader.java:424)
	at sun.misc.Launcher$AppClassLoader.loadClass(Launcher.java:331)
	at java.lang.ClassLoader.loadClass(ClassLoader.java:357)
	at java.lang.ClassLoader.defineClass1(Native Method)
	at java.lang.ClassLoader.defineClass(ClassLoader.java:763)
	at java.security.SecureClassLoader.defineClass(SecureClassLoader.java:142)
	at java.net.URLClassLoader.defineClass(URLClassLoader.java:467)
	at java.net.URLClassLoader.access$100(URLClassLoader.java:73)
	at java.net.URLClassLoader$1.run(URLClassLoader.java:368)
	at java.net.URLClassLoader$1.run(URLClassLoader.java:362)
	at java.security.AccessController.doPrivileged(Native Method)
	at java.net.URLClassLoader.findClass(URLClassLoader.java:361)
	at java.lang.ClassLoader.loadClass(ClassLoader.java:424)
	at sun.misc.Launcher$AppClassLoader.loadClass(Launcher.java:331)
	at java.lang.ClassLoader.loadClass(ClassLoader.java:357)
	at com.crm.qa.base.TestBase.initialize(TestBase.java:58)
	at com.crm.qa.testcases.ContactPageTest.setUp(ContactPageTest.java:33)
</failure>
    <system-out><![CDATA[Configuring TestNG with: TestNG652Configurator
2018-10-23 00:25:47,793[MM-dd-yyyy HH:mm:ss] ContactPageTest.java INFO  [main] testcases.ContactPageTest 26 Successfullly called TestBase Class
2018-10-23 00:25:47,800[MM-dd-yyyy HH:mm:ss] HomePageTest.java INFO  [main] testcases.HomePageTest 31 Successfullly called TestBase Class
2018-10-23 00:25:47,801[MM-dd-yyyy HH:mm:ss] LoginPageTest.java INFO  [main] testcases.HomePageTest 24 Successfullly called TestBase Class
2018-10-23 00:25:47,802[MM-dd-yyyy HH:mm:ss] CalenderPageTest.java INFO  [main] testcases.CalenderPageTest 33 Calling TestBase class from CalenderPageTest
2018-10-23 00:25:47,895[MM-dd-yyyy HH:mm:ss] ContactPageTest.java INFO  [main] testcases.ContactPageTest 31 Inside setUp of ContactPageTest
2018-10-23 00:25:47,895[MM-dd-yyyy HH:mm:ss] ContactPageTest.java INFO  [main] testcases.ContactPageTest 32 Calling initialize method of TestBase from ContactPageTest class
]]></system-out>
  </testcase>
  <testcase name="validateContactPageTest" classname="com.crm.qa.testcases.ContactPageTest" time="0">
    <skipped/>
  </testcase>
  <testcase name="tearDown" classname="com.crm.qa.testcases.ContactPageTest" time="0">
    <skipped/>
  </testcase>
  <testcase name="setUp" classname="com.crm.qa.testcases.LoginPageTest" time="0.004">
    <failure message="org/openqa/selenium/chrome/ChromeDriver" type="java.lang.NoClassDefFoundError">java.lang.NoClassDefFoundError: org/openqa/selenium/chrome/ChromeDriver
	at com.crm.qa.base.TestBase.initialize(TestBase.java:58)
	at com.crm.qa.testcases.LoginPageTest.setUp(LoginPageTest.java:31)
</failure>
    <system-out><![CDATA[2018-10-23 00:25:47,909[MM-dd-yyyy HH:mm:ss] LoginPageTest.java INFO  [main] testcases.HomePageTest 29 Inside setUp of LoginPageTest
2018-10-23 00:25:47,909[MM-dd-yyyy HH:mm:ss] LoginPageTest.java INFO  [main] testcases.HomePageTest 30 Calling initialize method of TestBase from LoginPageTest class
]]></system-out>
  </testcase>
  <testcase name="crmLoginPageTitleTest" classname="com.crm.qa.testcases.LoginPageTest" time="0">
    <skipped/>
  </testcase>
  <testcase name="tearDown" classname="com.crm.qa.testcases.LoginPageTest" time="0">
    <skipped/>
  </testcase>
  <testcase name="setUp" classname="com.crm.qa.testcases.LoginPageTest" time="0">
    <skipped/>
  </testcase>
  <testcase name="crmLoginPageLogoTest" classname="com.crm.qa.testcases.LoginPageTest" time="0">
    <skipped/>
  </testcase>
  <testcase name="tearDown" classname="com.crm.qa.testcases.LoginPageTest" time="0">
    <skipped/>
  </testcase>
  <testcase name="setUp" classname="com.crm.qa.testcases.LoginPageTest" time="0">
    <skipped/>
  </testcase>
  <testcase name="crmValideUserLoginTest" classname="com.crm.qa.testcases.LoginPageTest" time="0">
    <skipped/>
  </testcase>
  <testcase name="tearDown" classname="com.crm.qa.testcases.LoginPageTest" time="0">
    <skipped/>
  </testcase>
  <testcase name="setUp" classname="com.crm.qa.testcases.CalenderPageTest" time="0.002">
    <failure message="org/openqa/selenium/chrome/ChromeDriver" type="java.lang.NoClassDefFoundError">java.lang.NoClassDefFoundError: org/openqa/selenium/chrome/ChromeDriver
	at com.crm.qa.base.TestBase.initialize(TestBase.java:58)
	at com.crm.qa.testcases.CalenderPageTest.setUp(CalenderPageTest.java:40)
</failure>
    <system-out><![CDATA[2018-10-23 00:25:47,919[MM-dd-yyyy HH:mm:ss] CalenderPageTest.java INFO  [main] testcases.CalenderPageTest 39 Calling initialize from CalenderPageTest
]]></system-out>
  </testcase>
  <testcase name="validateCalenderpageTest" classname="com.crm.qa.testcases.CalenderPageTest" time="0">
    <skipped/>
  </testcase>
  <testcase name="tearDown" classname="com.crm.qa.testcases.CalenderPageTest" time="0">
    <skipped/>
  </testcase>
  <testcase name="setUp" classname="com.crm.qa.testcases.CalenderPageTest" time="0">
    <skipped/>
  </testcase>
  <testcase name="validateNewEventPageTest" classname="com.crm.qa.testcases.CalenderPageTest" time="0">
    <skipped/>
  </testcase>
  <testcase name="tearDown" classname="com.crm.qa.testcases.CalenderPageTest" time="0">
    <skipped/>
  </testcase>
  <testcase name="createNewEventTest" classname="com.crm.qa.testcases.CalenderPageTest" time="0">
    <skipped/>
    <system-out><![CDATA[2018-10-23 00:25:47,925[MM-dd-yyyy HH:mm:ss] CalenderPageTest.java INFO  [main] testcases.CalenderPageTest 66 Using data provider
2018-10-23 00:25:47,926[MM-dd-yyyy HH:mm:ss] CalenderPageTest.java INFO  [main] testcases.CalenderPageTest 67 Calling TestData method present inside TestUtil Class
]]></system-out>
    <system-err><![CDATA[java.io.FileNotFoundException: /home/PradyumnnaS/EclipseHome/workspace/FreeCRM/FreeCRMTest/src/main/java/com/crm/qa/testdata/FreeCRMTestData.xlsx (No such file or directory)
	at java.io.FileInputStream.open0(Native Method)
	at java.io.FileInputStream.open(FileInputStream.java:195)
	at java.io.FileInputStream.<init>(FileInputStream.java:138)
	at java.io.FileInputStream.<init>(FileInputStream.java:93)
	at com.crm.qa.util.TestUtil.getTestData(TestUtil.java:46)
	at com.crm.qa.testcases.CalenderPageTest.getCalenderTestdata(CalenderPageTest.java:68)
	at sun.reflect.NativeMethodAccessorImpl.invoke0(Native Method)
	at sun.reflect.NativeMethodAccessorImpl.invoke(NativeMethodAccessorImpl.java:62)
	at sun.reflect.DelegatingMethodAccessorImpl.invoke(DelegatingMethodAccessorImpl.java:43)
	at java.lang.reflect.Method.invoke(Method.java:498)
	at org.testng.internal.MethodInvocationHelper.invokeMethod(MethodInvocationHelper.java:80)
	at org.testng.internal.MethodInvocationHelper.invokeDataProvider(MethodInvocationHelper.java:117)
	at org.testng.internal.Parameters.handleParameters(Parameters.java:426)
	at org.testng.internal.Invoker.handleParameters(Invoker.java:1383)
	at org.testng.internal.Invoker.createParameters(Invoker.java:1075)
	at org.testng.internal.Invoker.invokeTestMethods(Invoker.java:1180)
	at org.testng.internal.TestMethodWorker.invokeTestMethods(TestMethodWorker.java:127)
	at org.testng.internal.TestMethodWorker.run(TestMethodWorker.java:111)
	at org.testng.TestRunner.privateRun(TestRunner.java:767)
	at org.testng.TestRunner.run(TestRunner.java:617)
	at org.testng.SuiteRunner.runTest(SuiteRunner.java:334)
	at org.testng.SuiteRunner.runSequentially(SuiteRunner.java:329)
	at org.testng.SuiteRunner.privateRun(SuiteRunner.java:291)
	at org.testng.SuiteRunner.run(SuiteRunner.java:240)
	at org.testng.SuiteRunnerWorker.runSuite(SuiteRunnerWorker.java:52)
	at org.testng.SuiteRunnerWorker.run(SuiteRunnerWorker.java:86)
	at org.testng.TestNG.runSuitesSequentially(TestNG.java:1198)
	at org.testng.TestNG.runSuitesLocally(TestNG.java:1123)
	at org.testng.TestNG.run(TestNG.java:1031)
	at org.apache.maven.surefire.testng.TestNGExecutor.run(TestNGExecutor.java:115)
	at org.apache.maven.surefire.testng.TestNGDirectoryTestSuite.executeMulti(TestNGDirectoryTestSuite.java:204)
	at org.apache.maven.surefire.testng.TestNGDirectoryTestSuite.execute(TestNGDirectoryTestSuite.java:107)
	at org.apache.maven.surefire.testng.TestNGProvider.invoke(TestNGProvider.java:112)
	at org.apache.maven.surefire.booter.ForkedBooter.invokeProviderInSameClassLoader(ForkedBooter.java:200)
	at org.apache.maven.surefire.booter.ForkedBooter.runSuitesInProcess(ForkedBooter.java:153)
	at org.apache.maven.surefire.booter.ForkedBooter.main(ForkedBooter.java:103)
]]></system-err>
  </testcase>
  <testcase name="setUp" classname="com.crm.qa.testcases.HomePageTest" time="0.025">
    <failure message="org/openqa/selenium/chrome/ChromeDriver" type="java.lang.NoClassDefFoundError">java.lang.NoClassDefFoundError: org/openqa/selenium/chrome/ChromeDriver
	at com.crm.qa.base.TestBase.initialize(TestBase.java:58)
	at com.crm.qa.testcases.HomePageTest.setUp(HomePageTest.java:42)
</failure>
    <system-out><![CDATA[2018-10-23 00:25:47,945[MM-dd-yyyy HH:mm:ss] HomePageTest.java INFO  [main] testcases.HomePageTest 38 Inside setUp of HomePageTest
2018-10-23 00:25:47,946[MM-dd-yyyy HH:mm:ss] HomePageTest.java INFO  [main] testcases.HomePageTest 39 Calling initialize method of TestBase from HomePageTest class
]]></system-out>
  </testcase>
  <testcase name="validateHomePageTest" classname="com.crm.qa.testcases.HomePageTest" time="0">
    <skipped/>
  </testcase>
  <testcase name="tearDown" classname="com.crm.qa.testcases.HomePageTest" time="0">
    <skipped/>
  </testcase>
  <testcase name="setUp" classname="com.crm.qa.testcases.HomePageTest" time="0">
    <skipped/>
  </testcase>
  <testcase name="clickonCalenderLinkTest" classname="com.crm.qa.testcases.HomePageTest" time="0">
    <skipped/>
  </testcase>
  <testcase name="tearDown" classname="com.crm.qa.testcases.HomePageTest" time="0">
    <skipped/>
  </testcase>
  <testcase name="setUp" classname="com.crm.qa.testcases.HomePageTest" time="0">
    <skipped/>
  </testcase>
  <testcase name="clickonCompaniesLinkTest" classname="com.crm.qa.testcases.HomePageTest" time="0">
    <skipped/>
  </testcase>
  <testcase name="tearDown" classname="com.crm.qa.testcases.HomePageTest" time="0">
    <skipped/>
  </testcase>
  <testcase name="setUp" classname="com.crm.qa.testcases.HomePageTest" time="0">
    <skipped/>
  </testcase>
  <testcase name="clickonContactLinkTest" classname="com.crm.qa.testcases.HomePageTest" time="0">
    <skipped/>
  </testcase>
  <testcase name="tearDown" classname="com.crm.qa.testcases.HomePageTest" time="0">
    <skipped/>
  </testcase>
  <testcase name="setUp" classname="com.crm.qa.testcases.HomePageTest" time="0">
    <skipped/>
  </testcase>
  <testcase name="clickonDealsLinkTest" classname="com.crm.qa.testcases.HomePageTest" time="0">
    <skipped/>
  </testcase>
  <testcase name="tearDown" classname="com.crm.qa.testcases.HomePageTest" time="0">
    <skipped/>
  </testcase>
</testsuite>