-------------------------------------------------------------------------------
Test set: TestSuite
-------------------------------------------------------------------------------
Tests run: 48, Failures: 4, Errors: 0, Skipped: 44, Time elapsed: 19.466 sec <<< FAILURE!
setUp(com.crm.qa.testcases.ContactPageTest)  Time elapsed: 17.485 sec  <<< FAILURE!
org.openqa.selenium.NoSuchWindowException: no such window: target window already closed
from unknown error: web view not found
  (Session info: chrome=63.0.3239.132)
  (Driver info: chromedriver=2.35.528139 (47ead77cb35ad2a9a83248b292151462a66cd881),platform=Linux 4.4.0-78-cavisson x86_64) (WARNING: The server did not provide any stacktrace information)
Command duration or timeout: 0 milliseconds
Build info: version: '3.8.1', revision: '6e95a6684b', time: '2017-12-01T18:33:54.468Z'
System info: host: 'netstorm-TECRA-C50-C', ip: '127.0.1.1', os.name: 'Linux', os.arch: 'amd64', os.version: '4.4.0-78-cavisson', java.version: '1.8.0_121'
Driver info: org.openqa.selenium.chrome.ChromeDriver
Capabilities {acceptInsecureCerts: false, acceptSslCerts: false, applicationCacheEnabled: false, browserConnectionEnabled: false, browserName: chrome, chrome: {chromedriverVersion: 2.35.528139 (47ead77cb35ad2..., userDataDir: /tmp/.org.chromium.Chromium...}, cssSelectorsEnabled: true, databaseEnabled: false, handlesAlerts: true, hasTouchScreen: false, javascriptEnabled: true, locationContextEnabled: true, mobileEmulationEnabled: false, nativeEvents: true, networkConnectionEnabled: false, pageLoadStrategy: normal, platform: LINUX, platformName: LINUX, rotatable: false, setWindowRect: true, takesHeapSnapshot: true, takesScreenshot: true, unexpectedAlertBehaviour: , unhandledPromptBehavior: , version: 63.0.3239.132, webStorageEnabled: true}
Session ID: 9f186fc03118a9d35e84f7d7f7695e3e
*** Element info: {Using=name, value=username}
	at sun.reflect.NativeConstructorAccessorImpl.newInstance0(Native Method)
	at sun.reflect.NativeConstructorAccessorImpl.newInstance(NativeConstructorAccessorImpl.java:62)
	at sun.reflect.DelegatingConstructorAccessorImpl.newInstance(DelegatingConstructorAccessorImpl.java:45)
	at java.lang.reflect.Constructor.newInstance(Constructor.java:423)
	at org.openqa.selenium.remote.ErrorHandler.createThrowable(ErrorHandler.java:214)
	at org.openqa.selenium.remote.ErrorHandler.throwIfResponseFailed(ErrorHandler.java:166)
	at org.openqa.selenium.remote.http.JsonHttpResponseCodec.reconstructValue(JsonHttpResponseCodec.java:40)
	at org.openqa.selenium.remote.http.AbstractHttpResponseCodec.decode(AbstractHttpResponseCodec.java:80)
	at org.openqa.selenium.remote.http.AbstractHttpResponseCodec.decode(AbstractHttpResponseCodec.java:44)
	at org.openqa.selenium.remote.HttpCommandExecutor.execute(HttpCommandExecutor.java:164)
	at org.openqa.selenium.remote.service.DriverCommandExecutor.execute(DriverCommandExecutor.java:83)
	at org.openqa.selenium.remote.RemoteWebDriver.execute(RemoteWebDriver.java:601)
	at org.openqa.selenium.remote.RemoteWebDriver.findElement(RemoteWebDriver.java:371)
	at org.openqa.selenium.remote.RemoteWebDriver.findElementByName(RemoteWebDriver.java:449)
	at org.openqa.selenium.By$ByName.findElement(By.java:303)
	at org.openqa.selenium.remote.RemoteWebDriver.findElement(RemoteWebDriver.java:363)
	at sun.reflect.NativeMethodAccessorImpl.invoke0(Native Method)
	at sun.reflect.NativeMethodAccessorImpl.invoke(NativeMethodAccessorImpl.java:62)
	at sun.reflect.DelegatingMethodAccessorImpl.invoke(DelegatingMethodAccessorImpl.java:43)
	at java.lang.reflect.Method.invoke(Method.java:498)
	at org.openqa.selenium.support.events.EventFiringWebDriver$2.invoke(EventFiringWebDriver.java:108)
	at com.sun.proxy.$Proxy6.findElement(Unknown Source)
	at org.openqa.selenium.support.events.EventFiringWebDriver.findElement(EventFiringWebDriver.java:192)
	at org.openqa.selenium.support.pagefactory.DefaultElementLocator.findElement(DefaultElementLocator.java:69)
	at org.openqa.selenium.support.pagefactory.internal.LocatingElementHandler.invoke(LocatingElementHandler.java:38)
	at com.sun.proxy.$Proxy10.sendKeys(Unknown Source)
	at com.crm.qa.pages.LoginPage.login(LoginPage.java:47)
	at com.crm.qa.testcases.ContactPageTest.setUp(ContactPageTest.java:38)

setUp(com.crm.qa.testcases.LoginPageTest)  Time elapsed: 17.488 sec  <<< FAILURE!
java.lang.RuntimeException: Unable to find a free port
	at org.openqa.selenium.net.PortProber.findFreePort(PortProber.java:67)
	at org.openqa.selenium.remote.service.DriverService$Builder.build(DriverService.java:335)
	at org.openqa.selenium.chrome.ChromeDriverService.createDefaultService(ChromeDriverService.java:88)
	at org.openqa.selenium.chrome.ChromeDriver.<init>(ChromeDriver.java:123)
	at com.crm.qa.base.TestBase.initialize(TestBase.java:57)
	at com.crm.qa.testcases.LoginPageTest.setUp(LoginPageTest.java:31)

setUp(com.crm.qa.testcases.CalenderPageTest)  Time elapsed: 17.492 sec  <<< FAILURE!
java.lang.RuntimeException: Unable to find a free port
	at org.openqa.selenium.net.PortProber.findFreePort(PortProber.java:67)
	at org.openqa.selenium.remote.service.DriverService$Builder.build(DriverService.java:335)
	at org.openqa.selenium.chrome.ChromeDriverService.createDefaultService(ChromeDriverService.java:88)
	at org.openqa.selenium.chrome.ChromeDriver.<init>(ChromeDriver.java:123)
	at com.crm.qa.base.TestBase.initialize(TestBase.java:57)
	at com.crm.qa.testcases.CalenderPageTest.setUp(CalenderPageTest.java:40)

setUp(com.crm.qa.testcases.HomePageTest)  Time elapsed: 17.496 sec  <<< FAILURE!
java.lang.RuntimeException: Unable to find a free port
	at org.openqa.selenium.net.PortProber.findFreePort(PortProber.java:67)
	at org.openqa.selenium.remote.service.DriverService$Builder.build(DriverService.java:335)
	at org.openqa.selenium.chrome.ChromeDriverService.createDefaultService(ChromeDriverService.java:88)
	at org.openqa.selenium.chrome.ChromeDriver.<init>(ChromeDriver.java:123)
	at com.crm.qa.base.TestBase.initialize(TestBase.java:57)
	at com.crm.qa.testcases.HomePageTest.setUp(HomePageTest.java:42)

